kotlin version: 2.2.0
error message: org.jetbrains.kotlin.backend.common.CompilationException: Back-end: Please report this problem https://kotl.in/issue
/Users/mohamadjamous/Desktop/Projects/TikTokAndroid/app/src/main/java/com/example/tiktokandroid/feed/data/model/CommentList.kt:11:1
Problem with `@Serializable
@StabilityInferred(parameters = 0)
data class CommentList {
  constructor(videoId: String?, totalComment: Int, comments: List<Comment>, isCommentPrivate: Boolean) /* primary */ {
    super/*Any*/()
    /* <init>() */

  }

  val videoId: String?
    field = videoId
    get

  val totalComment: Int
    field = totalComment
    get

  @Contextual
  val comments: List<Comment>
    field = comments
    get

  val isCommentPrivate: Boolean
    field = isCommentPrivate
    get

  @StabilityInferred(parameters = 0)
  data class Comment {
    constructor(commentBy: User, comment: String?, createdAt: String, totalLike: Long, totalDisLike: Long, threadCount: Int, thread: List<Comment>) /* primary */ {
      super/*Any*/()
      /* <init>() */

    }

    val commentBy: User
      field = commentBy
      get

    val comment: String?
      field = comment
      get

    val createdAt: String
      field = createdAt
      get

    val totalLike: Long
      field = totalLike
      get

    val totalDisLike: Long
      field = totalDisLike
      get

    val threadCount: Int
      field = threadCount
      get

    val thread: List<Comment>
      field = thread
      get

    operator fun component1(): User {
      return <this>.#commentBy
    }

    operator fun component2(): String? {
      return <this>.#comment
    }

    operator fun component3(): String {
      return <this>.#createdAt
    }

    operator fun component4(): Long {
      return <this>.#totalLike
    }

    operator fun component5(): Long {
      return <this>.#totalDisLike
    }

    operator fun component6(): Int {
      return <this>.#threadCount
    }

    operator fun component7(): List<Comment> {
      return <this>.#thread
    }

    fun copy(commentBy: User = <this>.#commentBy, comment: String? = <this>.#comment, createdAt: String = <this>.#createdAt, totalLike: Long = <this>.#totalLike, totalDisLike: Long = <this>.#totalDisLike, threadCount: Int = <this>.#threadCount, thread: List<Comment> = <this>.#thread): Comment {
      return Comment(commentBy = commentBy, comment = comment, createdAt = createdAt, totalLike = totalLike, totalDisLike = totalDisLike, threadCount = threadCount, thread = thread)
    }

    override fun toString(): String {
      return "Comment(" + "commentBy=" + <this>.#commentBy + ", " + "comment=" + <this>.#comment + ", " + "createdAt=" + <this>.#createdAt + ", " + "totalLike=" + <this>.#totalLike + ", " + "totalDisLike=" + <this>.#totalDisLike + ", " + "threadCount=" + <this>.#threadCount + ", " + "thread=" + <this>.#thread + ")"
    }

    override fun hashCode(): Int {
      var result: Int = <this>.#commentBy.hashCode()
      result = result.times(other = 31).plus(other = when {
        EQEQ(arg0 = <this>.#comment, arg1 = null) -> 0
        else -> <this>.#comment.hashCode()
      })
      result = result.times(other = 31).plus(other = <this>.#createdAt.hashCode())
      result = result.times(other = 31).plus(other = <this>.#totalLike.hashCode())
      result = result.times(other = 31).plus(other = <this>.#totalDisLike.hashCode())
      result = result.times(other = 31).plus(other = <this>.#threadCount.hashCode())
      result = result.times(other = 31).plus(other = <this>.#thread.hashCode())
      return result
    }

    override operator fun equals(other: Any?): Boolean {
      when {
        EQEQEQ(arg0 = <this>, arg1 = other) -> return true
      }
      when {
        other !is Comment -> return false
      }
      val tmp0_other_with_cast: Comment = other as Comment
      when {
        EQEQ(arg0 = <this>.#commentBy, arg1 = tmp0_other_with_cast.#commentBy).not() -> return false
      }
      when {
        EQEQ(arg0 = <this>.#comment, arg1 = tmp0_other_with_cast.#comment).not() -> return false
      }
      when {
        EQEQ(arg0 = <this>.#createdAt, arg1 = tmp0_other_with_cast.#createdAt).not() -> return false
      }
      when {
        EQEQ(arg0 = <this>.#totalLike, arg1 = tmp0_other_with_cast.#totalLike).not() -> return false
      }
      when {
        EQEQ(arg0 = <this>.#totalDisLike, arg1 = tmp0_other_with_cast.#totalDisLike).not() -> return false
      }
      when {
        EQEQ(arg0 = <this>.#threadCount, arg1 = tmp0_other_with_cast.#threadCount).not() -> return false
      }
      when {
        EQEQ(arg0 = <this>.#thread, arg1 = tmp0_other_with_cast.#thread).not() -> return false
      }
      return true
    }

    /* static final field */ val $stable: Int = 8
  }

  companion object Companion {
    private constructor() /* primary */ {
      super/*Any*/()
      /* <init>() */

    }

    fun serializer(): KSerializer<CommentList>

    /* fake */ override operator fun equals(other: Any?): Boolean

    /* fake */ override fun hashCode(): Int

    /* fake */ override fun toString(): String

  }

  @Deprecated(message = "This synthesized declaration should not be used directly", level = DeprecationLevel.HIDDEN)
  @StabilityInferred(parameters = 0)
  object $serializer : GeneratedSerializer<CommentList> {
    private constructor() /* primary */ {
      super/*Any*/()
      /* <init>() */

    }

    override fun serialize(encoder: Encoder, value: CommentList)

    override fun deserialize(decoder: Decoder): CommentList

    override val descriptor: SerialDescriptor
      override get

    override fun childSerializers(): Array<KSerializer<*>>

    /* fake */ override fun typeParametersSerializers(): Array<KSerializer<*>>

    /* fake */ override operator fun equals(other: Any?): Boolean

    /* fake */ override fun hashCode(): Int

    /* fake */ override fun toString(): String

    /* static final field */ val $stable: Int = 8
  }

  operator fun component1(): String? {
    return <this>.#videoId
  }

  operator fun component2(): Int {
    return <this>.#totalComment
  }

  operator fun component3(): List<Comment> {
    return <this>.#comments
  }

  operator fun component4(): Boolean {
    return <this>.#isCommentPrivate
  }

  fun copy(videoId: String? = <this>.#videoId, totalComment: Int = <this>.#totalComment, comments: List<Comment> = <this>.#comments, isCommentPrivate: Boolean = <this>.#isCommentPrivate): CommentList {
    return CommentList(videoId = videoId, totalComment = totalComment, comments = comments, isCommentPrivate = isCommentPrivate)
  }

  override fun toString(): String {
    return "CommentList(" + "videoId=" + <this>.#videoId + ", " + "totalComment=" + <this>.#totalComment + ", " + "comments=" + <this>.#comments + ", " + "isCommentPrivate=" + <this>.#isCommentPrivate + ")"
  }

  override fun hashCode(): Int {
    var result: Int = when {
      EQEQ(arg0 = <this>.#videoId, arg1 = null) -> 0
      else -> <this>.#videoId.hashCode()
    }
    result = result.times(other = 31).plus(other = <this>.#totalComment.hashCode())
    result = result.times(other = 31).plus(other = <this>.#comments.hashCode())
    result = result.times(other = 31).plus(other = <this>.#isCommentPrivate.hashCode())
    return result
  }

  override operator fun equals(other: Any?): Boolean {
    when {
      EQEQEQ(arg0 = <this>, arg1 = other) -> return true
    }
    when {
      other !is CommentList -> return false
    }
    val tmp0_other_with_cast: CommentList = other as CommentList
    when {
      EQEQ(arg0 = <this>.#videoId, arg1 = tmp0_other_with_cast.#videoId).not() -> return false
    }
    when {
      EQEQ(arg0 = <this>.#totalComment, arg1 = tmp0_other_with_cast.#totalComment).not() -> return false
    }
    when {
      EQEQ(arg0 = <this>.#comments, arg1 = tmp0_other_with_cast.#comments).not() -> return false
    }
    when {
      EQEQ(arg0 = <this>.#isCommentPrivate, arg1 = tmp0_other_with_cast.#isCommentPrivate).not() -> return false
    }
    return true
  }

  /* static final field */ val $stable: Int = 8
  @JvmStatic
  internal /* static */ fun write$Self(self: CommentList, output: CompositeEncoder, serialDesc: SerialDescriptor)

  internal constructor(seen0: Int, videoId: String?, totalComment: Int, comments: List<Comment>?, isCommentPrivate: Boolean, serializationConstructorMarker: SerializationConstructorMarker?)

}

`
Details: kotlinx.serialization compiler plugin internal error: unable to transform declaration, see cause
	at org.jetbrains.kotlinx.serialization.compiler.extensions.SerializerClassLowering.lower(SerializationLoweringExtension.kt:233)
	at org.jetbrains.kotlinx.serialization.compiler.extensions.SerializationLoweringExtensionKt$runOnFileInOrder$1.visitClass(SerializationLoweringExtension.kt:46)
	at org.jetbrains.kotlin.ir.visitors.IrVisitorVoid.visitClass(IrVisitorVoid.kt:44)
	at org.jetbrains.kotlin.ir.visitors.IrVisitorVoid.visitClass(IrVisitorVoid.kt:18)
	at org.jetbrains.kotlin.ir.declarations.IrClass.accept(IrClass.kt:72)
	at org.jetbrains.kotlin.ir.declarations.IrPackageFragment.acceptChildren(IrPackageFragment.kt:27)
	at org.jetbrains.kotlin.ir.visitors.IrVisitorsKt.acceptChildrenVoid(IrVisitors.kt:23)
	at org.jetbrains.kotlinx.serialization.compiler.extensions.SerializationLoweringExtensionKt$runOnFileInOrder$1.visitElement(SerializationLoweringExtension.kt:42)
	at org.jetbrains.kotlin.ir.visitors.IrVisitorVoid.visitPackageFragment(IrVisitorVoid.kt:168)
	at org.jetbrains.kotlin.ir.visitors.IrVisitorVoid.visitFile(IrVisitorVoid.kt:184)
	at org.jetbrains.kotlin.ir.visitors.IrVisitorVoid.visitFile(IrVisitorVoid.kt:180)
	at org.jetbrains.kotlin.ir.visitors.IrVisitorVoid.visitFile(IrVisitorVoid.kt:18)
	at org.jetbrains.kotlin.ir.declarations.IrFile.accept(IrFile.kt:27)
	at org.jetbrains.kotlin.ir.visitors.IrVisitorsKt.acceptVoid(IrVisitors.kt:11)
	at org.jetbrains.kotlinx.serialization.compiler.extensions.SerializationLoweringExtensionKt.runOnFileInOrder(SerializationLoweringExtension.kt:40)
	at org.jetbrains.kotlinx.serialization.compiler.extensions.SerializationLoweringExtension.generate(SerializationLoweringExtension.kt:197)
	at org.jetbrains.kotlin.fir.pipeline.ConvertToIrKt.applyIrGenerationExtensions(convertToIr.kt:468)
	at org.jetbrains.kotlin.fir.pipeline.Fir2IrPipeline.runActualizationPipeline(convertToIr.kt:245)
	at org.jetbrains.kotlin.fir.pipeline.Fir2IrPipeline.convertToIrAndActualize(convertToIr.kt:128)
	at org.jetbrains.kotlin.fir.pipeline.ConvertToIrKt.convertToIrAndActualize(convertToIr.kt:97)
	at org.jetbrains.kotlin.fir.pipeline.ConvertToIrKt.convertToIrAndActualize$default(convertToIr.kt:72)
	at org.jetbrains.kotlin.cli.jvm.compiler.legacy.pipeline.JvmCompilerPipelineKt.convertToIrAndActualizeForJvm(jvmCompilerPipeline.kt:109)
	at org.jetbrains.kotlin.cli.pipeline.jvm.JvmFir2IrPipelinePhase.executePhase(JvmFir2IrPipelinePhase.kt:26)
	at org.jetbrains.kotlin.cli.pipeline.jvm.JvmFir2IrPipelinePhase.executePhase(JvmFir2IrPipelinePhase.kt:17)
	at org.jetbrains.kotlin.cli.pipeline.PipelinePhase.phaseBody(PipelinePhase.kt:68)
	at org.jetbrains.kotlin.cli.pipeline.PipelinePhase.phaseBody(PipelinePhase.kt:58)
	at org.jetbrains.kotlin.config.phaser.NamedCompilerPhase.invoke(CompilerPhase.kt:102)
	at org.jetbrains.kotlin.backend.common.phaser.CompositePhase.invoke(PhaseBuilders.kt:22)
	at org.jetbrains.kotlin.config.phaser.CompilerPhaseKt.invokeToplevel(CompilerPhase.kt:53)
	at org.jetbrains.kotlin.cli.pipeline.AbstractCliPipeline.runPhasedPipeline(AbstractCliPipeline.kt:109)
	at org.jetbrains.kotlin.cli.pipeline.AbstractCliPipeline.execute(AbstractCliPipeline.kt:68)
	at org.jetbrains.kotlin.cli.jvm.K2JVMCompiler.doExecutePhased(K2JVMCompiler.kt:78)
	at org.jetbrains.kotlin.cli.jvm.K2JVMCompiler.doExecutePhased(K2JVMCompiler.kt:44)
	at org.jetbrains.kotlin.cli.common.CLICompiler.execImpl(CLICompiler.kt:90)
	at org.jetbrains.kotlin.cli.common.CLICompiler.exec(CLICompiler.kt:352)
	at org.jetbrains.kotlin.incremental.IncrementalJvmCompilerRunnerBase.runCompiler(IncrementalJvmCompilerRunnerBase.kt:175)
	at org.jetbrains.kotlin.incremental.IncrementalJvmCompilerRunnerBase.runCompiler(IncrementalJvmCompilerRunnerBase.kt:38)
	at org.jetbrains.kotlin.incremental.IncrementalCompilerRunner.doCompile(IncrementalCompilerRunner.kt:504)
	at org.jetbrains.kotlin.incremental.IncrementalCompilerRunner.compileImpl(IncrementalCompilerRunner.kt:421)
	at org.jetbrains.kotlin.incremental.IncrementalCompilerRunner.tryCompileIncrementally$lambda$10$compile(IncrementalCompilerRunner.kt:254)
	at org.jetbrains.kotlin.incremental.IncrementalCompilerRunner.tryCompileIncrementally(IncrementalCompilerRunner.kt:272)
	at org.jetbrains.kotlin.incremental.IncrementalCompilerRunner.compile(IncrementalCompilerRunner.kt:124)
	at org.jetbrains.kotlin.daemon.CompileServiceImplBase.execIncrementalCompiler(CompileServiceImpl.kt:679)
	at org.jetbrains.kotlin.daemon.CompileServiceImplBase.access$execIncrementalCompiler(CompileServiceImpl.kt:93)
	at org.jetbrains.kotlin.daemon.CompileServiceImpl.compile(CompileServiceImpl.kt:1806)
	at java.base/jdk.internal.reflect.DirectMethodHandleAccessor.invoke(Unknown Source)
	at java.base/java.lang.reflect.Method.invoke(Unknown Source)
	at java.rmi/sun.rmi.server.UnicastServerRef.dispatch(Unknown Source)
	at java.rmi/sun.rmi.transport.Transport$1.run(Unknown Source)
	at java.rmi/sun.rmi.transport.Transport$1.run(Unknown Source)
	at java.base/java.security.AccessController.doPrivileged(Unknown Source)
	at java.rmi/sun.rmi.transport.Transport.serviceCall(Unknown Source)
	at java.rmi/sun.rmi.transport.tcp.TCPTransport.handleMessages(Unknown Source)
	at java.rmi/sun.rmi.transport.tcp.TCPTransport$ConnectionHandler.run0(Unknown Source)
	at java.rmi/sun.rmi.transport.tcp.TCPTransport$ConnectionHandler.lambda$run$0(Unknown Source)
	at java.base/java.security.AccessController.doPrivileged(Unknown Source)
	at java.rmi/sun.rmi.transport.tcp.TCPTransport$ConnectionHandler.run(Unknown Source)
	at java.base/java.util.concurrent.ThreadPoolExecutor.runWorker(Unknown Source)
	at java.base/java.util.concurrent.ThreadPoolExecutor$Worker.run(Unknown Source)
	at java.base/java.lang.Thread.run(Unknown Source)
Caused by: java.lang.IllegalStateException: Serializer for element of type com.example.tiktokandroid.feed.data.model.CommentList.Comment has not been found
	at org.jetbrains.kotlinx.serialization.compiler.backend.ir.SerializerSearchUtilKt.findTypeSerializerOrContext(SerializerSearchUtil.kt:85)
	at org.jetbrains.kotlinx.serialization.compiler.backend.ir.BaseIrGenerator.createSerializerOnlyForClasses(BaseIrGenerator.kt:515)
	at org.jetbrains.kotlinx.serialization.compiler.backend.ir.BaseIrGenerator.cacheableChildSerializerInstance(BaseIrGenerator.kt:483)
	at org.jetbrains.kotlinx.serialization.compiler.backend.ir.BaseIrGenerator.createCachedChildSerializers(BaseIrGenerator.kt:469)
	at org.jetbrains.kotlinx.serialization.compiler.backend.ir.SerializableIrGenerator.<init>(SerializableIrGenerator.kt:60)
	at org.jetbrains.kotlinx.serialization.compiler.backend.ir.SerializableIrGenerator$Companion.generate(SerializableIrGenerator.kt:405)
	at org.jetbrains.kotlinx.serialization.compiler.extensions.SerializerClassLowering.lower(SerializationLoweringExtension.kt:149)
	... 59 more


